  Board.cpp
G:\Users\Anastazja\source\repos\Connect4 engine\Connect4 engine\Board.h(44,55): error C2065: 'm_input': undeclared identifier
G:\Users\Anastazja\source\repos\Connect4 engine\Connect4 engine\Board.cpp(32,2): error C2065: 'm_input': undeclared identifier
G:\Users\Anastazja\source\repos\Connect4 engine\Connect4 engine\Board.cpp(33,2): error C2065: 'm_input': undeclared identifier
G:\Users\Anastazja\source\repos\Connect4 engine\Connect4 engine\Board.cpp(103,48): warning C4267: 'initializing': conversion from 'size_t' to 'int', possible loss of data
G:\Users\Anastazja\source\repos\Connect4 engine\Connect4 engine\Board.cpp(107,4): error C3861: 'm_input': identifier not found
G:\Users\Anastazja\source\repos\Connect4 engine\Connect4 engine\Board.cpp(108,4): error C3861: 'm_input': identifier not found
G:\Users\Anastazja\source\repos\Connect4 engine\Connect4 engine\Board.cpp(216,15): warning C4244: '=': conversion from 'const _Ty' to 'int', possible loss of data
          with
          [
              _Ty=unsigned __int64
          ]
G:\Users\Anastazja\source\repos\Connect4 engine\Connect4 engine\Board.cpp(267,9): warning C4244: 'initializing': conversion from 'const _Ty' to 'int', possible loss of data
          with
          [
              _Ty=unsigned __int64
          ]
G:\Users\Anastazja\source\repos\Connect4 engine\Connect4 engine\Board.cpp(280,15): warning C4244: '=': conversion from 'const _Ty' to 'int', possible loss of data
          with
          [
              _Ty=unsigned __int64
          ]
G:\Users\Anastazja\source\repos\Connect4 engine\Connect4 engine\Board.cpp(347,47): warning C4267: 'initializing': conversion from 'size_t' to 'int', possible loss of data
G:\Users\Anastazja\source\repos\Connect4 engine\Connect4 engine\Board.cpp(351,3): error C3861: 'm_input': identifier not found
G:\Users\Anastazja\source\repos\Connect4 engine\Connect4 engine\Board.cpp(352,3): error C3861: 'm_input': identifier not found
G:\Users\Anastazja\source\repos\Connect4 engine\Connect4 engine\Board.cpp(369,2): error C2065: 'm_input': undeclared identifier
G:\Users\Anastazja\source\repos\Connect4 engine\Connect4 engine\Board.cpp(370,2): error C2065: 'm_input': undeclared identifier
  Connect4 engine.cpp
G:\Users\Anastazja\source\repos\Connect4 engine\Connect4 engine\Board.h(44,55): error C2065: 'm_input': undeclared identifier
G:\Users\Anastazja\source\repos\Connect4 engine\Connect4 engine\uci.h(199,59): warning C4244: '=': conversion from 'double' to 'float', possible loss of data
G:\Users\Anastazja\source\repos\Connect4 engine\Connect4 engine\uci.h(200,60): warning C4244: '=': conversion from 'double' to 'float', possible loss of data
G:\Users\Anastazja\source\repos\Connect4 engine\Connect4 engine\uci.h(201,58): warning C4244: '=': conversion from 'double' to 'float', possible loss of data
G:\Users\Anastazja\source\repos\Connect4 engine\Connect4 engine\uci.h(202,59): warning C4244: '=': conversion from 'double' to 'float', possible loss of data
  ConvLayer.cpp
G:\Users\Anastazja\source\repos\Connect4 engine\Connect4 engine\ConvLayer.cpp(11,38): warning C4244: '=': conversion from 'Eigen::Index' to 'int', possible loss of data
G:\Users\Anastazja\source\repos\Connect4 engine\Connect4 engine\ConvLayer.cpp(12,38): warning C4244: '=': conversion from 'Eigen::Index' to 'int', possible loss of data
G:\Users\Anastazja\source\repos\Connect4 engine\Connect4 engine\ConvLayer.cpp(15,37): warning C4267: '=': conversion from 'size_t' to 'int', possible loss of data
  DenseLayer.cpp
  Layer.cpp
  NEAT.cpp
  NN.cpp
G:\Users\Anastazja\source\repos\Connect4 engine\Connect4 engine\Board.h(44,55): error C2065: 'm_input': undeclared identifier
  search.cpp
G:\Users\Anastazja\source\repos\Connect4 engine\Connect4 engine\Board.h(44,55): error C2065: 'm_input': undeclared identifier
