  Board.cpp
G:\Users\Anastazja\source\repos\Connect4 engine\Connect4 engine\Board.h(67,1): warning C4067: unexpected tokens following preprocessor directive - expected a newline
G:\Users\Anastazja\source\repos\Connect4 engine\Connect4 engine\Board.h(43,55): error C2065: 'm_input': undeclared identifier
G:\Users\Anastazja\source\repos\Connect4 engine\Connect4 engine\Board.cpp(32,2): error C2065: 'm_input': undeclared identifier
G:\Users\Anastazja\source\repos\Connect4 engine\Connect4 engine\Board.cpp(33,2): error C2065: 'm_input': undeclared identifier
G:\Users\Anastazja\source\repos\Connect4 engine\Connect4 engine\Board.cpp(101,1): warning C4067: unexpected tokens following preprocessor directive - expected a newline
G:\Users\Anastazja\source\repos\Connect4 engine\Connect4 engine\Board.cpp(216,15): warning C4244: '=': conversion from 'const _Ty' to 'int', possible loss of data
          with
          [
              _Ty=unsigned __int64
          ]
G:\Users\Anastazja\source\repos\Connect4 engine\Connect4 engine\Board.cpp(267,9): warning C4244: 'initializing': conversion from 'const _Ty' to 'int', possible loss of data
          with
          [
              _Ty=unsigned __int64
          ]
G:\Users\Anastazja\source\repos\Connect4 engine\Connect4 engine\Board.cpp(280,15): warning C4244: '=': conversion from 'const _Ty' to 'int', possible loss of data
          with
          [
              _Ty=unsigned __int64
          ]
G:\Users\Anastazja\source\repos\Connect4 engine\Connect4 engine\Board.cpp(346,1): warning C4067: unexpected tokens following preprocessor directive - expected a newline
G:\Users\Anastazja\source\repos\Connect4 engine\Connect4 engine\Board.cpp(369,2): error C2065: 'm_input': undeclared identifier
G:\Users\Anastazja\source\repos\Connect4 engine\Connect4 engine\Board.cpp(370,2): error C2065: 'm_input': undeclared identifier
  Connect4 engine.cpp
G:\Users\Anastazja\source\repos\Connect4 engine\Connect4 engine\Board.h(67,1): warning C4067: unexpected tokens following preprocessor directive - expected a newline
G:\Users\Anastazja\source\repos\Connect4 engine\Connect4 engine\Board.h(43,55): error C2065: 'm_input': undeclared identifier
G:\Users\Anastazja\source\repos\Connect4 engine\Connect4 engine\uci.h(199,59): warning C4244: '=': conversion from 'double' to 'float', possible loss of data
G:\Users\Anastazja\source\repos\Connect4 engine\Connect4 engine\uci.h(200,60): warning C4244: '=': conversion from 'double' to 'float', possible loss of data
G:\Users\Anastazja\source\repos\Connect4 engine\Connect4 engine\uci.h(201,58): warning C4244: '=': conversion from 'double' to 'float', possible loss of data
G:\Users\Anastazja\source\repos\Connect4 engine\Connect4 engine\uci.h(202,59): warning C4244: '=': conversion from 'double' to 'float', possible loss of data
  NN.cpp
G:\Users\Anastazja\source\repos\Connect4 engine\Connect4 engine\Board.h(67,1): warning C4067: unexpected tokens following preprocessor directive - expected a newline
G:\Users\Anastazja\source\repos\Connect4 engine\Connect4 engine\Board.h(43,55): error C2065: 'm_input': undeclared identifier
  search.cpp
G:\Users\Anastazja\source\repos\Connect4 engine\Connect4 engine\Board.h(67,1): warning C4067: unexpected tokens following preprocessor directive - expected a newline
G:\Users\Anastazja\source\repos\Connect4 engine\Connect4 engine\Board.h(43,55): error C2065: 'm_input': undeclared identifier
