  Board.cpp
C:\connect4-engine\Connect4 engine\Board.cpp(236,15): warning C4244: '=': conversion from 'const _Ty' to 'int', possible loss of data
          with
          [
              _Ty=unsigned __int64
          ]
C:\connect4-engine\Connect4 engine\Board.cpp(287,9): warning C4244: 'initializing': conversion from 'const _Ty' to 'int', possible loss of data
          with
          [
              _Ty=unsigned __int64
          ]
C:\connect4-engine\Connect4 engine\Board.cpp(300,15): warning C4244: '=': conversion from 'const _Ty' to 'int', possible loss of data
          with
          [
              _Ty=unsigned __int64
          ]
  Connect4 engine.cpp
C:\connect4-engine\Connect4 engine\uci.h(246,68): warning C4244: 'argument': conversion from 'double' to '_Ty', possible loss of data
          with
          [
              _Ty=int
          ]
C:\connect4-engine\Connect4 engine\uci.h(246,55): warning C4244: 'argument': conversion from 'double' to '_Ty', possible loss of data
          with
          [
              _Ty=int
          ]
C:\connect4-engine\Connect4 engine\uci.h(324,36): error C2039: 'get_opposite_NN_input': is not a member of 'Board'
C:\connect4-engine\Connect4 engine\Board.h(26): message : see declaration of 'Board'
C:\connect4-engine\Connect4 engine\uci.h(324,18): error C2672: 'std::vector<Eigen::MatrixXf,std::allocator<Eigen::MatrixXf>>::emplace_back': no matching overloaded function found
  ConvLayer.cpp
C:\connect4-engine\Connect4 engine\ConvLayer.cpp(11,38): warning C4244: '=': conversion from 'Eigen::Index' to 'int', possible loss of data
C:\connect4-engine\Connect4 engine\ConvLayer.cpp(12,38): warning C4244: '=': conversion from 'Eigen::Index' to 'int', possible loss of data
C:\connect4-engine\Connect4 engine\ConvLayer.cpp(15,37): warning C4267: '=': conversion from 'size_t' to 'int', possible loss of data
  DenseLayer.cpp
  Layer.cpp
  NEAT.cpp
  NN.cpp
  search.cpp
C:\connect4-engine\Connect4 engine\search.cpp(123,64): warning C4244: 'argument': conversion from 'double' to '_Ty', possible loss of data
          with
          [
              _Ty=int
          ]
C:\connect4-engine\Connect4 engine\search.cpp(123,51): warning C4244: 'argument': conversion from 'double' to '_Ty', possible loss of data
          with
          [
              _Ty=int
          ]
  Generating Code...
C:\connect4-engine\Connect4 engine\NN.cpp(255): warning C4172: returning address of local variable or temporary
C:\connect4-engine\Connect4 engine\Board.cpp(140): warning C4715: 'Board::doMove': not all control paths return a value
